<?xml version="1.0" encoding="UTF-8"?>
<!-- Generated by org.testng.reporters.JUnitReportReporter -->
<testsuite hostname="ITPL-LPTP-049" name="Login" tests="2" failures="0" timestamp="24 Nov 2016 06:08:22 GMT" time="140.341" errors="0">
  <testcase name="Login" time="91.264" classname="Login"/>
  <testcase name="Registration" time="49.077" classname="Login"/>
</testsuite> <!-- Login -->
