<?xml version="1.0" encoding="UTF-8"?>
<!-- Generated by org.testng.reporters.JUnitReportReporter -->
<testsuite hostname="ITPL-LPTP-049" name="Login" tests="2" failures="0" timestamp="30 Nov 2016 11:59:51 GMT" time="12.750" errors="0">
  <testcase name="Registration" time="12.750" classname="Login"/>
  <testcase name="Login" time="0.000" classname="Login"/>
</testsuite> <!-- Login -->
