<?xml version="1.0" encoding="UTF-8"?>
<!-- Generated by org.testng.reporters.JUnitReportReporter -->
<testsuite hostname="ITPL-LPTP-049" name="Test1" tests="1" failures="0" timestamp="24 Nov 2016 05:54:43 GMT" time="38.418" errors="0">
  <testcase name="Login" time="38.418" classname="Test1"/>
</testsuite> <!-- Test1 -->
